Determining if the pthread_create exist failed with the following output:
Change Dir: /home/haram/catkin_ws/build/CMakeFiles/CMakeTmp

Run Build Command:"/usr/bin/make" "cmTC_69acf/fast"
/usr/bin/make -f CMakeFiles/cmTC_69acf.dir/build.make CMakeFiles/cmTC_69acf.dir/build
make[1]: Entering directory '/home/haram/catkin_ws/build/CMakeFiles/CMakeTmp'
Building C object CMakeFiles/cmTC_69acf.dir/CheckSymbolExists.c.o
/usr/bin/cc     -o CMakeFiles/cmTC_69acf.dir/CheckSymbolExists.c.o   -c /home/haram/catkin_ws/build/CMakeFiles/CMakeTmp/CheckSymbolExists.c
Linking C executable cmTC_69acf
/usr/bin/cmake -E cmake_link_script CMakeFiles/cmTC_69acf.dir/link.txt --verbose=1
/usr/bin/cc       CMakeFiles/cmTC_69acf.dir/CheckSymbolExists.c.o  -o cmTC_69acf -rdynamic 
CMakeFiles/cmTC_69acf.dir/CheckSymbolExists.c.o: In function `main':
CheckSymbolExists.c:(.text+0x16): undefined reference to `pthread_create'
collect2: error: ld returned 1 exit status
CMakeFiles/cmTC_69acf.dir/build.make:97: recipe for target 'cmTC_69acf' failed
make[1]: *** [cmTC_69acf] Error 1
make[1]: Leaving directory '/home/haram/catkin_ws/build/CMakeFiles/CMakeTmp'
Makefile:126: recipe for target 'cmTC_69acf/fast' failed
make: *** [cmTC_69acf/fast] Error 2

File /home/haram/catkin_ws/build/CMakeFiles/CMakeTmp/CheckSymbolExists.c:
/* */
#include <pthread.h>

int main(int argc, char** argv)
{
  (void)argv;
#ifndef pthread_create
  return ((int*)(&pthread_create))[argc];
#else
  (void)argc;
  return 0;
#endif
}

Determining if the function pthread_create exists in the pthreads failed with the following output:
Change Dir: /home/haram/catkin_ws/build/CMakeFiles/CMakeTmp

Run Build Command:"/usr/bin/make" "cmTC_8858b/fast"
/usr/bin/make -f CMakeFiles/cmTC_8858b.dir/build.make CMakeFiles/cmTC_8858b.dir/build
make[1]: Entering directory '/home/haram/catkin_ws/build/CMakeFiles/CMakeTmp'
Building C object CMakeFiles/cmTC_8858b.dir/CheckFunctionExists.c.o
/usr/bin/cc    -DCHECK_FUNCTION_EXISTS=pthread_create   -o CMakeFiles/cmTC_8858b.dir/CheckFunctionExists.c.o   -c /usr/share/cmake-3.5/Modules/CheckFunctionExists.c
Linking C executable cmTC_8858b
/usr/bin/cmake -E cmake_link_script CMakeFiles/cmTC_8858b.dir/link.txt --verbose=1
/usr/bin/cc   -DCHECK_FUNCTION_EXISTS=pthread_create    CMakeFiles/cmTC_8858b.dir/CheckFunctionExists.c.o  -o cmTC_8858b -rdynamic -lpthreads 
/usr/bin/ld: cannot find -lpthreads
collect2: error: ld returned 1 exit status
CMakeFiles/cmTC_8858b.dir/build.make:97: recipe for target 'cmTC_8858b' failed
make[1]: *** [cmTC_8858b] Error 1
make[1]: Leaving directory '/home/haram/catkin_ws/build/CMakeFiles/CMakeTmp'
Makefile:126: recipe for target 'cmTC_8858b/fast' failed
make: *** [cmTC_8858b/fast] Error 2


